[INFO ] 2023-06-06 09:08:27.083 [main] AnnotationConfigContextLoaderUtils - Could not detect default configuration classes for test class [com.microservice.UserService.UserManagerTest]: UserManagerTest does not declare any static, non-private, non-final, nested classes annotated with @Configuration.
[INFO ] 2023-06-06 09:08:27.418 [main] SpringBootTestContextBootstrapper - Found @SpringBootConfiguration com.microservice.UserService.UserServiceApplication for test class com.microservice.UserService.UserManagerTest
[INFO ] 2023-06-06 09:08:28.640 [background-preinit] Version - HV000001: Hibernate Validator 8.0.0.Final
[INFO ] 2023-06-06 09:08:28.702 [main] UserManagerTest - Starting UserManagerTest using Java 19.0.2 with PID 5220 (started by oguzyldz in C:\Users\oguzy\Desktop\BackEnd Project\UserService\UserService)
[INFO ] 2023-06-06 09:08:28.713 [main] UserManagerTest - No active profile set, falling back to 1 default profile: "default"
[INFO ] 2023-06-06 09:08:30.742 [main] RepositoryConfigurationDelegate - Bootstrapping Spring Data JPA repositories in DEFAULT mode.
[INFO ] 2023-06-06 09:08:30.949 [main] RepositoryConfigurationDelegate - Finished Spring Data repository scanning in 175 ms. Found 2 JPA repository interfaces.
[INFO ] 2023-06-06 09:08:32.242 [main] LogHelper - HHH000204: Processing PersistenceUnitInfo [name: default]
[INFO ] 2023-06-06 09:08:32.526 [main] Version - HHH000412: Hibernate ORM core version 6.1.7.Final
[WARN ] 2023-06-06 09:08:32.943 [main] deprecation - HHH90000021: Encountered deprecated setting [javax.persistence.validation.mode], use [jakarta.persistence.validation.mode] instead
[INFO ] 2023-06-06 09:08:33.543 [main] HikariDataSource - HikariPool-1 - Starting...
[INFO ] 2023-06-06 09:08:34.162 [main] HikariPool - HikariPool-1 - Added connection org.postgresql.jdbc.PgConnection@1fb6b8fb
[INFO ] 2023-06-06 09:08:34.167 [main] HikariDataSource - HikariPool-1 - Start completed.
[INFO ] 2023-06-06 09:08:34.301 [main] SQL dialect - HHH000400: Using dialect: org.hibernate.dialect.PostgreSQLDialect
[INFO ] 2023-06-06 09:08:36.800 [main] JtaPlatformInitiator - HHH000490: Using JtaPlatform implementation: [org.hibernate.engine.transaction.jta.platform.internal.NoJtaPlatform]
[INFO ] 2023-06-06 09:08:36.829 [main] LocalContainerEntityManagerFactoryBean - Initialized JPA EntityManagerFactory for persistence unit 'default'
[WARN ] 2023-06-06 09:08:38.847 [main] JpaBaseConfiguration$JpaWebConfiguration - spring.jpa.open-in-view is enabled by default. Therefore, database queries may be performed during view rendering. Explicitly configure spring.jpa.open-in-view to disable this warning
[INFO ] 2023-06-06 09:08:39.806 [main] UserManagerTest - Started UserManagerTest in 11.918 seconds (process running for 16.257)
[INFO ] 2023-06-06 09:08:43.146 [main] UserManager - Fetching users with pagination - Page: 0, Size: 10, SortBy: username, SortDirection: asc
[INFO ] 2023-06-06 09:08:43.157 [main] UserManager - Fetched users successfully
[INFO ] 2023-06-06 09:08:43.256 [main] UserManager - Soft deleting user with ID: 1
[INFO ] 2023-06-06 09:08:43.258 [main] UserManager - User soft deleted successfully
[INFO ] 2023-06-06 09:08:43.303 [main] UserManager - Adding user: testuser
[INFO ] 2023-06-06 09:08:43.305 [main] UserManager - User created successfully: testuser
[INFO ] 2023-06-06 09:08:43.337 [main] UserManager - Getting user by ID: 1
[INFO ] 2023-06-06 09:08:43.338 [main] UserManager - User found: testuser
[INFO ] 2023-06-06 09:08:43.366 [main] UserManager - Updating user: testuser
[INFO ] 2023-06-06 09:08:43.368 [main] UserManager - User updated successfully: testuser
[INFO ] 2023-06-06 09:08:43.394 [main] UserManager - Adding user: testuser
[WARN ] 2023-06-06 09:08:43.396 [main] UserManager - Invalid role: ROLE_INVALID
[INFO ] 2023-06-06 09:08:43.423 [main] UserManager - Getting user by ID: 1
[WARN ] 2023-06-06 09:08:43.423 [main] UserManager - User not found with ID: 1
[INFO ] 2023-06-06 09:08:43.455 [main] AnnotationConfigContextLoaderUtils - Could not detect default configuration classes for test class [com.microservice.UserService.UserServiceApplicationTests]: UserServiceApplicationTests does not declare any static, non-private, non-final, nested classes annotated with @Configuration.
[INFO ] 2023-06-06 09:08:43.468 [main] SpringBootTestContextBootstrapper - Found @SpringBootConfiguration com.microservice.UserService.UserServiceApplication for test class com.microservice.UserService.UserServiceApplicationTests
[INFO ] 2023-06-06 09:08:43.602 [SpringApplicationShutdownHook] LocalContainerEntityManagerFactoryBean - Closing JPA EntityManagerFactory for persistence unit 'default'
[INFO ] 2023-06-06 09:08:43.609 [SpringApplicationShutdownHook] HikariDataSource - HikariPool-1 - Shutdown initiated...
[INFO ] 2023-06-06 09:08:43.640 [SpringApplicationShutdownHook] HikariDataSource - HikariPool-1 - Shutdown completed.
[INFO ] 2023-06-13 12:52:54.540 [main] AnnotationConfigContextLoaderUtils - Could not detect default configuration classes for test class [com.microservice.UserService.UserManagerTest]: UserManagerTest does not declare any static, non-private, non-final, nested classes annotated with @Configuration.
[INFO ] 2023-06-13 12:52:54.919 [main] SpringBootTestContextBootstrapper - Found @SpringBootConfiguration com.microservice.UserService.UserServiceApplication for test class com.microservice.UserService.UserManagerTest
[INFO ] 2023-06-13 12:52:56.122 [background-preinit] Version - HV000001: Hibernate Validator 8.0.0.Final
[INFO ] 2023-06-13 12:52:56.191 [main] UserManagerTest - Starting UserManagerTest using Java 19.0.2 with PID 17644 (started by oguzyldz in C:\Users\oguzy\Desktop\BackEnd Project\UserService\UserService)
[INFO ] 2023-06-13 12:52:56.211 [main] UserManagerTest - No active profile set, falling back to 1 default profile: "default"
[INFO ] 2023-06-13 12:52:58.509 [main] RepositoryConfigurationDelegate - Bootstrapping Spring Data JPA repositories in DEFAULT mode.
[INFO ] 2023-06-13 12:52:58.752 [main] RepositoryConfigurationDelegate - Finished Spring Data repository scanning in 198 ms. Found 2 JPA repository interfaces.
[INFO ] 2023-06-13 12:53:00.088 [main] LogHelper - HHH000204: Processing PersistenceUnitInfo [name: default]
[INFO ] 2023-06-13 12:53:00.313 [main] Version - HHH000412: Hibernate ORM core version 6.1.7.Final
[WARN ] 2023-06-13 12:53:00.766 [main] deprecation - HHH90000021: Encountered deprecated setting [javax.persistence.validation.mode], use [jakarta.persistence.validation.mode] instead
[INFO ] 2023-06-13 12:53:01.429 [main] HikariDataSource - HikariPool-1 - Starting...
[INFO ] 2023-06-13 12:53:02.047 [main] HikariPool - HikariPool-1 - Added connection org.postgresql.jdbc.PgConnection@6eeb29c0
[INFO ] 2023-06-13 12:53:02.053 [main] HikariDataSource - HikariPool-1 - Start completed.
[INFO ] 2023-06-13 12:53:02.174 [main] SQL dialect - HHH000400: Using dialect: org.hibernate.dialect.PostgreSQLDialect
[INFO ] 2023-06-13 12:53:04.872 [main] JtaPlatformInitiator - HHH000490: Using JtaPlatform implementation: [org.hibernate.engine.transaction.jta.platform.internal.NoJtaPlatform]
[INFO ] 2023-06-13 12:53:04.900 [main] LocalContainerEntityManagerFactoryBean - Initialized JPA EntityManagerFactory for persistence unit 'default'
[WARN ] 2023-06-13 12:53:07.474 [main] JpaBaseConfiguration$JpaWebConfiguration - spring.jpa.open-in-view is enabled by default. Therefore, database queries may be performed during view rendering. Explicitly configure spring.jpa.open-in-view to disable this warning
[INFO ] 2023-06-13 12:53:08.450 [main] UserManagerTest - Started UserManagerTest in 13.082 seconds (process running for 17.325)
[INFO ] 2023-06-13 12:53:11.937 [main] UserManager - Begin delete method to soft delete user with ID: 1
[INFO ] 2023-06-13 12:53:11.944 [main] UserManager - User soft deleted successfully
[INFO ] 2023-06-13 12:53:12.303 [main] UserManager - Begign addUser method to add user: testuser
[INFO ] 2023-06-13 12:53:12.306 [main] UserManager - User created successfully: testuser
[INFO ] 2023-06-13 12:53:12.352 [main] UserManager - Begin getUserById Method to get user by ID: 1
[INFO ] 2023-06-13 12:53:12.353 [main] UserManager - User found: testuser
[INFO ] 2023-06-13 12:53:12.405 [main] UserManager - Begin updateUser method to update user: testuser
[INFO ] 2023-06-13 12:53:12.408 [main] UserManager - User updated successfully: testuser
[INFO ] 2023-06-13 12:53:12.456 [main] UserManager - Begign addUser method to add user: testuser
[WARN ] 2023-06-13 12:53:12.459 [main] UserManager - Invalid role: ROLE_INVALID
[INFO ] 2023-06-13 12:53:12.497 [main] UserManager - Begin getUserById Method to get user by ID: 1
[WARN ] 2023-06-13 12:53:12.498 [main] UserManager - User not found with ID: 1
[INFO ] 2023-06-13 12:53:12.535 [main] AnnotationConfigContextLoaderUtils - Could not detect default configuration classes for test class [com.microservice.UserService.UserServiceApplicationTests]: UserServiceApplicationTests does not declare any static, non-private, non-final, nested classes annotated with @Configuration.
[INFO ] 2023-06-13 12:53:12.548 [main] SpringBootTestContextBootstrapper - Found @SpringBootConfiguration com.microservice.UserService.UserServiceApplication for test class com.microservice.UserService.UserServiceApplicationTests
[INFO ] 2023-06-13 12:53:12.798 [SpringApplicationShutdownHook] LocalContainerEntityManagerFactoryBean - Closing JPA EntityManagerFactory for persistence unit 'default'
[INFO ] 2023-06-13 12:53:12.816 [SpringApplicationShutdownHook] HikariDataSource - HikariPool-1 - Shutdown initiated...
[INFO ] 2023-06-13 12:53:12.848 [SpringApplicationShutdownHook] HikariDataSource - HikariPool-1 - Shutdown completed.
[INFO ] 2023-06-13 13:07:07.592 [main] AnnotationConfigContextLoaderUtils - Could not detect default configuration classes for test class [com.microservice.UserService.UserManagerTest]: UserManagerTest does not declare any static, non-private, non-final, nested classes annotated with @Configuration.
[INFO ] 2023-06-13 13:07:08.024 [main] SpringBootTestContextBootstrapper - Found @SpringBootConfiguration com.microservice.UserService.UserServiceApplication for test class com.microservice.UserService.UserManagerTest
[INFO ] 2023-06-13 13:07:09.198 [background-preinit] Version - HV000001: Hibernate Validator 8.0.0.Final
[INFO ] 2023-06-13 13:07:09.266 [main] UserManagerTest - Starting UserManagerTest using Java 19.0.2 with PID 17764 (started by oguzyldz in C:\Users\oguzy\Desktop\BackEnd Project\UserService\UserService)
[INFO ] 2023-06-13 13:07:09.281 [main] UserManagerTest - No active profile set, falling back to 1 default profile: "default"
[INFO ] 2023-06-13 13:07:11.303 [main] RepositoryConfigurationDelegate - Bootstrapping Spring Data JPA repositories in DEFAULT mode.
[INFO ] 2023-06-13 13:07:11.511 [main] RepositoryConfigurationDelegate - Finished Spring Data repository scanning in 171 ms. Found 2 JPA repository interfaces.
[INFO ] 2023-06-13 13:07:12.887 [main] LogHelper - HHH000204: Processing PersistenceUnitInfo [name: default]
[INFO ] 2023-06-13 13:07:13.175 [main] Version - HHH000412: Hibernate ORM core version 6.1.7.Final
[WARN ] 2023-06-13 13:07:13.615 [main] deprecation - HHH90000021: Encountered deprecated setting [javax.persistence.validation.mode], use [jakarta.persistence.validation.mode] instead
[INFO ] 2023-06-13 13:07:14.260 [main] HikariDataSource - HikariPool-1 - Starting...
[INFO ] 2023-06-13 13:07:14.974 [main] HikariPool - HikariPool-1 - Added connection org.postgresql.jdbc.PgConnection@274bae2c
[INFO ] 2023-06-13 13:07:14.983 [main] HikariDataSource - HikariPool-1 - Start completed.
[INFO ] 2023-06-13 13:07:15.131 [main] SQL dialect - HHH000400: Using dialect: org.hibernate.dialect.PostgreSQLDialect
[INFO ] 2023-06-13 13:07:17.735 [main] JtaPlatformInitiator - HHH000490: Using JtaPlatform implementation: [org.hibernate.engine.transaction.jta.platform.internal.NoJtaPlatform]
[INFO ] 2023-06-13 13:07:17.764 [main] LocalContainerEntityManagerFactoryBean - Initialized JPA EntityManagerFactory for persistence unit 'default'
[WARN ] 2023-06-13 13:07:20.188 [main] JpaBaseConfiguration$JpaWebConfiguration - spring.jpa.open-in-view is enabled by default. Therefore, database queries may be performed during view rendering. Explicitly configure spring.jpa.open-in-view to disable this warning
[INFO ] 2023-06-13 13:07:21.271 [main] UserManagerTest - Started UserManagerTest in 12.799 seconds (process running for 17.27)
[INFO ] 2023-06-13 13:07:24.584 [main] UserManager - Begin delete method to soft delete user with ID: 1
[INFO ] 2023-06-13 13:07:24.588 [main] UserManager - User soft deleted successfully
[INFO ] 2023-06-13 13:07:24.917 [main] UserManager - Begign addUser method to add user: testuser
[INFO ] 2023-06-13 13:07:24.923 [main] UserManager - User created successfully: testuser
[INFO ] 2023-06-13 13:07:24.988 [main] UserManager - Begin getUserById Method to get user by ID: 1
[INFO ] 2023-06-13 13:07:24.990 [main] UserManager - User found: testuser
[INFO ] 2023-06-13 13:07:25.036 [main] UserManager - Begin updateUser method to update user: testuser
[INFO ] 2023-06-13 13:07:25.042 [main] UserManager - User updated successfully: testuser
[INFO ] 2023-06-13 13:07:25.092 [main] UserManager - Begign addUser method to add user: testuser
[WARN ] 2023-06-13 13:07:25.096 [main] UserManager - Invalid role: ROLE_INVALID
[INFO ] 2023-06-13 13:07:25.126 [main] UserManager - Begin getUserById Method to get user by ID: 1
[WARN ] 2023-06-13 13:07:25.128 [main] UserManager - User not found with ID: 1
[INFO ] 2023-06-13 13:07:25.162 [main] AnnotationConfigContextLoaderUtils - Could not detect default configuration classes for test class [com.microservice.UserService.UserServiceApplicationTests]: UserServiceApplicationTests does not declare any static, non-private, non-final, nested classes annotated with @Configuration.
[INFO ] 2023-06-13 13:07:25.183 [main] SpringBootTestContextBootstrapper - Found @SpringBootConfiguration com.microservice.UserService.UserServiceApplication for test class com.microservice.UserService.UserServiceApplicationTests
[INFO ] 2023-06-13 13:07:25.367 [SpringApplicationShutdownHook] LocalContainerEntityManagerFactoryBean - Closing JPA EntityManagerFactory for persistence unit 'default'
[INFO ] 2023-06-13 13:07:25.382 [SpringApplicationShutdownHook] HikariDataSource - HikariPool-1 - Shutdown initiated...
[INFO ] 2023-06-13 13:07:25.417 [SpringApplicationShutdownHook] HikariDataSource - HikariPool-1 - Shutdown completed.
[INFO ] 2023-06-13 20:28:16.727 [main] AnnotationConfigContextLoaderUtils - Could not detect default configuration classes for test class [com.microservice.UserService.UserManagerTest]: UserManagerTest does not declare any static, non-private, non-final, nested classes annotated with @Configuration.
[INFO ] 2023-06-13 20:28:17.070 [main] SpringBootTestContextBootstrapper - Found @SpringBootConfiguration com.microservice.UserService.UserServiceApplication for test class com.microservice.UserService.UserManagerTest
[INFO ] 2023-06-13 20:28:18.293 [background-preinit] Version - HV000001: Hibernate Validator 8.0.0.Final
[INFO ] 2023-06-13 20:28:18.357 [main] UserManagerTest - Starting UserManagerTest using Java 19.0.2 with PID 21844 (started by oguzyldz in C:\Users\oguzy\Desktop\BackEnd Project\UserService\UserService)
[INFO ] 2023-06-13 20:28:18.367 [main] UserManagerTest - No active profile set, falling back to 1 default profile: "default"
[INFO ] 2023-06-13 20:28:20.349 [main] RepositoryConfigurationDelegate - Bootstrapping Spring Data JPA repositories in DEFAULT mode.
[INFO ] 2023-06-13 20:28:20.553 [main] RepositoryConfigurationDelegate - Finished Spring Data repository scanning in 170 ms. Found 2 JPA repository interfaces.
[INFO ] 2023-06-13 20:28:21.748 [main] LogHelper - HHH000204: Processing PersistenceUnitInfo [name: default]
[INFO ] 2023-06-13 20:28:21.990 [main] Version - HHH000412: Hibernate ORM core version 6.1.7.Final
[WARN ] 2023-06-13 20:28:22.435 [main] deprecation - HHH90000021: Encountered deprecated setting [javax.persistence.validation.mode], use [jakarta.persistence.validation.mode] instead
[INFO ] 2023-06-13 20:28:23.029 [main] HikariDataSource - HikariPool-1 - Starting...
[INFO ] 2023-06-13 20:28:23.681 [main] HikariPool - HikariPool-1 - Added connection org.postgresql.jdbc.PgConnection@47eaf55c
[INFO ] 2023-06-13 20:28:23.686 [main] HikariDataSource - HikariPool-1 - Start completed.
[INFO ] 2023-06-13 20:28:23.806 [main] SQL dialect - HHH000400: Using dialect: org.hibernate.dialect.PostgreSQLDialect
[INFO ] 2023-06-13 20:28:26.336 [main] JtaPlatformInitiator - HHH000490: Using JtaPlatform implementation: [org.hibernate.engine.transaction.jta.platform.internal.NoJtaPlatform]
[INFO ] 2023-06-13 20:28:26.370 [main] LocalContainerEntityManagerFactoryBean - Initialized JPA EntityManagerFactory for persistence unit 'default'
[WARN ] 2023-06-13 20:28:28.780 [main] JpaBaseConfiguration$JpaWebConfiguration - spring.jpa.open-in-view is enabled by default. Therefore, database queries may be performed during view rendering. Explicitly configure spring.jpa.open-in-view to disable this warning
[INFO ] 2023-06-13 20:28:29.820 [main] UserManagerTest - Started UserManagerTest in 12.287 seconds (process running for 16.524)
[INFO ] 2023-06-13 20:28:32.870 [main] UserManager - Begin delete method to soft delete user with ID: 1
[INFO ] 2023-06-13 20:28:32.872 [main] UserManager - User soft deleted successfully
[INFO ] 2023-06-13 20:28:33.139 [main] UserManager - Begign addUser method to add user: testuser
[INFO ] 2023-06-13 20:28:33.143 [main] UserManager - User created successfully: testuser
[INFO ] 2023-06-13 20:28:33.197 [main] UserManager - Begin getUserById Method to get user by ID: 1
[INFO ] 2023-06-13 20:28:33.198 [main] UserManager - User found: testuser
[INFO ] 2023-06-13 20:28:33.239 [main] UserManager - Begin updateUser method to update user: testuser
[INFO ] 2023-06-13 20:28:33.245 [main] UserManager - User updated successfully: testuser
[INFO ] 2023-06-13 20:28:33.285 [main] UserManager - Begign addUser method to add user: testuser
[WARN ] 2023-06-13 20:28:33.287 [main] UserManager - Invalid role: ROLE_INVALID
[INFO ] 2023-06-13 20:28:33.317 [main] UserManager - Begin getUserById Method to get user by ID: 1
[WARN ] 2023-06-13 20:28:33.318 [main] UserManager - User not found with ID: 1
[INFO ] 2023-06-13 20:28:33.344 [main] AnnotationConfigContextLoaderUtils - Could not detect default configuration classes for test class [com.microservice.UserService.UserServiceApplicationTests]: UserServiceApplicationTests does not declare any static, non-private, non-final, nested classes annotated with @Configuration.
[INFO ] 2023-06-13 20:28:33.355 [main] SpringBootTestContextBootstrapper - Found @SpringBootConfiguration com.microservice.UserService.UserServiceApplication for test class com.microservice.UserService.UserServiceApplicationTests
[INFO ] 2023-06-13 20:28:33.514 [SpringApplicationShutdownHook] LocalContainerEntityManagerFactoryBean - Closing JPA EntityManagerFactory for persistence unit 'default'
[INFO ] 2023-06-13 20:28:33.525 [SpringApplicationShutdownHook] HikariDataSource - HikariPool-1 - Shutdown initiated...
[INFO ] 2023-06-13 20:28:33.553 [SpringApplicationShutdownHook] HikariDataSource - HikariPool-1 - Shutdown completed.
[INFO ] 2023-06-13 20:42:11.685 [main] AnnotationConfigContextLoaderUtils - Could not detect default configuration classes for test class [com.microservice.UserService.UserManagerTest]: UserManagerTest does not declare any static, non-private, non-final, nested classes annotated with @Configuration.
[INFO ] 2023-06-13 20:42:12.027 [main] SpringBootTestContextBootstrapper - Found @SpringBootConfiguration com.microservice.UserService.UserServiceApplication for test class com.microservice.UserService.UserManagerTest
[INFO ] 2023-06-13 20:42:13.252 [background-preinit] Version - HV000001: Hibernate Validator 8.0.0.Final
[INFO ] 2023-06-13 20:42:13.316 [main] UserManagerTest - Starting UserManagerTest using Java 19.0.2 with PID 6472 (started by oguzyldz in C:\Users\oguzy\Desktop\BackEnd Project\UserService\UserService)
[INFO ] 2023-06-13 20:42:13.328 [main] UserManagerTest - No active profile set, falling back to 1 default profile: "default"
[INFO ] 2023-06-13 20:42:15.219 [main] RepositoryConfigurationDelegate - Bootstrapping Spring Data JPA repositories in DEFAULT mode.
[INFO ] 2023-06-13 20:42:15.433 [main] RepositoryConfigurationDelegate - Finished Spring Data repository scanning in 182 ms. Found 2 JPA repository interfaces.
[INFO ] 2023-06-13 20:42:16.837 [main] LogHelper - HHH000204: Processing PersistenceUnitInfo [name: default]
[INFO ] 2023-06-13 20:42:17.118 [main] Version - HHH000412: Hibernate ORM core version 6.1.7.Final
[WARN ] 2023-06-13 20:42:17.633 [main] deprecation - HHH90000021: Encountered deprecated setting [javax.persistence.validation.mode], use [jakarta.persistence.validation.mode] instead
[INFO ] 2023-06-13 20:42:18.271 [main] HikariDataSource - HikariPool-1 - Starting...
[INFO ] 2023-06-13 20:42:18.935 [main] HikariPool - HikariPool-1 - Added connection org.postgresql.jdbc.PgConnection@5238896f
[INFO ] 2023-06-13 20:42:18.941 [main] HikariDataSource - HikariPool-1 - Start completed.
[INFO ] 2023-06-13 20:42:19.055 [main] SQL dialect - HHH000400: Using dialect: org.hibernate.dialect.PostgreSQLDialect
[INFO ] 2023-06-13 20:42:21.916 [main] JtaPlatformInitiator - HHH000490: Using JtaPlatform implementation: [org.hibernate.engine.transaction.jta.platform.internal.NoJtaPlatform]
[INFO ] 2023-06-13 20:42:21.942 [main] LocalContainerEntityManagerFactoryBean - Initialized JPA EntityManagerFactory for persistence unit 'default'
[WARN ] 2023-06-13 20:42:24.492 [main] JpaBaseConfiguration$JpaWebConfiguration - spring.jpa.open-in-view is enabled by default. Therefore, database queries may be performed during view rendering. Explicitly configure spring.jpa.open-in-view to disable this warning
[INFO ] 2023-06-13 20:42:25.499 [main] UserManagerTest - Started UserManagerTest in 13.004 seconds (process running for 17.243)
[INFO ] 2023-06-13 20:42:28.956 [main] UserManager - Begin delete method to soft delete user with ID: 1
[INFO ] 2023-06-13 20:42:28.960 [main] UserManager - User soft deleted successfully
[INFO ] 2023-06-13 20:42:29.309 [main] UserManager - Begign addUser method to add user: testuser
[INFO ] 2023-06-13 20:42:29.311 [main] UserManager - User created successfully: testuser
[INFO ] 2023-06-13 20:42:29.364 [main] UserManager - Begin getUserById Method to get user by ID: 1
[INFO ] 2023-06-13 20:42:29.365 [main] UserManager - User found: testuser
[INFO ] 2023-06-13 20:42:29.414 [main] UserManager - Begin updateUser method to update user: testuser
[INFO ] 2023-06-13 20:42:29.419 [main] UserManager - User updated successfully: testuser
[INFO ] 2023-06-13 20:42:29.460 [main] UserManager - Begign addUser method to add user: testuser
[WARN ] 2023-06-13 20:42:29.461 [main] UserManager - Invalid role: ROLE_INVALID
[INFO ] 2023-06-13 20:42:29.490 [main] UserManager - Begin getUserById Method to get user by ID: 1
[WARN ] 2023-06-13 20:42:29.491 [main] UserManager - User not found with ID: 1
[INFO ] 2023-06-13 20:42:29.531 [main] AnnotationConfigContextLoaderUtils - Could not detect default configuration classes for test class [com.microservice.UserService.UserServiceApplicationTests]: UserServiceApplicationTests does not declare any static, non-private, non-final, nested classes annotated with @Configuration.
[INFO ] 2023-06-13 20:42:29.544 [main] SpringBootTestContextBootstrapper - Found @SpringBootConfiguration com.microservice.UserService.UserServiceApplication for test class com.microservice.UserService.UserServiceApplicationTests
[INFO ] 2023-06-13 20:42:29.637 [SpringApplicationShutdownHook] LocalContainerEntityManagerFactoryBean - Closing JPA EntityManagerFactory for persistence unit 'default'
[INFO ] 2023-06-13 20:42:29.645 [SpringApplicationShutdownHook] HikariDataSource - HikariPool-1 - Shutdown initiated...
[INFO ] 2023-06-13 20:42:29.667 [SpringApplicationShutdownHook] HikariDataSource - HikariPool-1 - Shutdown completed.
[INFO ] 2023-06-13 23:59:47.111 [main] AnnotationConfigContextLoaderUtils - Could not detect default configuration classes for test class [com.microservice.UserService.UserManagerTest]: UserManagerTest does not declare any static, non-private, non-final, nested classes annotated with @Configuration.
[INFO ] 2023-06-13 23:59:47.459 [main] SpringBootTestContextBootstrapper - Found @SpringBootConfiguration com.microservice.UserService.UserServiceApplication for test class com.microservice.UserService.UserManagerTest
[INFO ] 2023-06-13 23:59:48.671 [background-preinit] Version - HV000001: Hibernate Validator 8.0.0.Final
[INFO ] 2023-06-13 23:59:48.741 [main] UserManagerTest - Starting UserManagerTest using Java 19.0.2 with PID 8340 (started by oguzyldz in C:\Users\oguzy\Desktop\BackEnd Project\UserService\UserService)
[INFO ] 2023-06-13 23:59:48.758 [main] UserManagerTest - No active profile set, falling back to 1 default profile: "default"
[INFO ] 2023-06-13 23:59:50.725 [main] RepositoryConfigurationDelegate - Bootstrapping Spring Data JPA repositories in DEFAULT mode.
[INFO ] 2023-06-13 23:59:50.927 [main] RepositoryConfigurationDelegate - Finished Spring Data repository scanning in 171 ms. Found 2 JPA repository interfaces.
[INFO ] 2023-06-13 23:59:52.234 [main] LogHelper - HHH000204: Processing PersistenceUnitInfo [name: default]
[INFO ] 2023-06-13 23:59:52.466 [main] Version - HHH000412: Hibernate ORM core version 6.1.7.Final
[WARN ] 2023-06-13 23:59:52.931 [main] deprecation - HHH90000021: Encountered deprecated setting [javax.persistence.validation.mode], use [jakarta.persistence.validation.mode] instead
[INFO ] 2023-06-13 23:59:53.494 [main] HikariDataSource - HikariPool-1 - Starting...
[INFO ] 2023-06-13 23:59:54.146 [main] HikariPool - HikariPool-1 - Added connection org.postgresql.jdbc.PgConnection@77cddc0c
[INFO ] 2023-06-13 23:59:54.154 [main] HikariDataSource - HikariPool-1 - Start completed.
[INFO ] 2023-06-13 23:59:54.262 [main] SQL dialect - HHH000400: Using dialect: org.hibernate.dialect.PostgreSQLDialect
[INFO ] 2023-06-13 23:59:57.020 [main] JtaPlatformInitiator - HHH000490: Using JtaPlatform implementation: [org.hibernate.engine.transaction.jta.platform.internal.NoJtaPlatform]
[INFO ] 2023-06-13 23:59:57.045 [main] LocalContainerEntityManagerFactoryBean - Initialized JPA EntityManagerFactory for persistence unit 'default'
[WARN ] 2023-06-13 23:59:59.140 [main] JpaBaseConfiguration$JpaWebConfiguration - spring.jpa.open-in-view is enabled by default. Therefore, database queries may be performed during view rendering. Explicitly configure spring.jpa.open-in-view to disable this warning
[INFO ] 2023-06-14 00:00:00.143 [main] UserManagerTest - Started UserManagerTest in 12.238 seconds (process running for 16.59)
[INFO ] 2023-06-14 00:00:03.248 [main] UserManager - Begin delete method to soft delete user with ID: 1
[INFO ] 2023-06-14 00:00:03.252 [main] UserManager - User soft deleted successfully
[INFO ] 2023-06-14 00:00:03.512 [main] UserManager - Begign addUser method to add user: testuser
[INFO ] 2023-06-14 00:00:03.515 [main] UserManager - User created successfully: testuser
[INFO ] 2023-06-14 00:00:03.547 [main] UserManager - Begin getUserById Method to get user by ID: 1
[INFO ] 2023-06-14 00:00:03.548 [main] UserManager - User found: testuser
[INFO ] 2023-06-14 00:00:03.584 [main] UserManager - Begin updateUser method to update user: testuser
[INFO ] 2023-06-14 00:00:03.586 [main] UserManager - User updated successfully: testuser
[INFO ] 2023-06-14 00:00:03.622 [main] UserManager - Begign addUser method to add user: testuser
[WARN ] 2023-06-14 00:00:03.624 [main] UserManager - Invalid role: ROLE_INVALID
[INFO ] 2023-06-14 00:00:03.645 [main] UserManager - Begin getUserById Method to get user by ID: 1
[WARN ] 2023-06-14 00:00:03.646 [main] UserManager - User not found with ID: 1
[INFO ] 2023-06-14 00:00:03.671 [main] AnnotationConfigContextLoaderUtils - Could not detect default configuration classes for test class [com.microservice.UserService.UserServiceApplicationTests]: UserServiceApplicationTests does not declare any static, non-private, non-final, nested classes annotated with @Configuration.
[INFO ] 2023-06-14 00:00:03.679 [main] SpringBootTestContextBootstrapper - Found @SpringBootConfiguration com.microservice.UserService.UserServiceApplication for test class com.microservice.UserService.UserServiceApplicationTests
[INFO ] 2023-06-14 00:00:03.773 [SpringApplicationShutdownHook] LocalContainerEntityManagerFactoryBean - Closing JPA EntityManagerFactory for persistence unit 'default'
[INFO ] 2023-06-14 00:00:03.780 [SpringApplicationShutdownHook] HikariDataSource - HikariPool-1 - Shutdown initiated...
[INFO ] 2023-06-14 00:00:03.804 [SpringApplicationShutdownHook] HikariDataSource - HikariPool-1 - Shutdown completed.
[INFO ] 2023-06-14 00:16:31.984 [main] AnnotationConfigContextLoaderUtils - Could not detect default configuration classes for test class [com.microservice.UserService.UserManagerTest]: UserManagerTest does not declare any static, non-private, non-final, nested classes annotated with @Configuration.
[INFO ] 2023-06-14 00:16:32.435 [main] SpringBootTestContextBootstrapper - Found @SpringBootConfiguration com.microservice.UserService.UserServiceApplication for test class com.microservice.UserService.UserManagerTest
[INFO ] 2023-06-14 00:16:33.599 [background-preinit] Version - HV000001: Hibernate Validator 8.0.0.Final
[INFO ] 2023-06-14 00:16:33.649 [main] UserManagerTest - Starting UserManagerTest using Java 19.0.2 with PID 18332 (started by oguzyldz in C:\Users\oguzy\Desktop\BackEnd Project\UserService\UserService)
[INFO ] 2023-06-14 00:16:33.660 [main] UserManagerTest - No active profile set, falling back to 1 default profile: "default"
[INFO ] 2023-06-14 00:16:35.818 [main] RepositoryConfigurationDelegate - Bootstrapping Spring Data JPA repositories in DEFAULT mode.
[INFO ] 2023-06-14 00:16:36.028 [main] RepositoryConfigurationDelegate - Finished Spring Data repository scanning in 176 ms. Found 2 JPA repository interfaces.
[INFO ] 2023-06-14 00:16:37.382 [main] LogHelper - HHH000204: Processing PersistenceUnitInfo [name: default]
[INFO ] 2023-06-14 00:16:37.649 [main] Version - HHH000412: Hibernate ORM core version 6.1.7.Final
[WARN ] 2023-06-14 00:16:38.155 [main] deprecation - HHH90000021: Encountered deprecated setting [javax.persistence.validation.mode], use [jakarta.persistence.validation.mode] instead
[INFO ] 2023-06-14 00:16:38.748 [main] HikariDataSource - HikariPool-1 - Starting...
[INFO ] 2023-06-14 00:16:39.496 [main] HikariPool - HikariPool-1 - Added connection org.postgresql.jdbc.PgConnection@44b9c7c4
[INFO ] 2023-06-14 00:16:39.510 [main] HikariDataSource - HikariPool-1 - Start completed.
[INFO ] 2023-06-14 00:16:39.637 [main] SQL dialect - HHH000400: Using dialect: org.hibernate.dialect.PostgreSQLDialect
[INFO ] 2023-06-14 00:16:42.714 [main] JtaPlatformInitiator - HHH000490: Using JtaPlatform implementation: [org.hibernate.engine.transaction.jta.platform.internal.NoJtaPlatform]
[INFO ] 2023-06-14 00:16:42.744 [main] LocalContainerEntityManagerFactoryBean - Initialized JPA EntityManagerFactory for persistence unit 'default'
[WARN ] 2023-06-14 00:16:45.461 [main] JpaBaseConfiguration$JpaWebConfiguration - spring.jpa.open-in-view is enabled by default. Therefore, database queries may be performed during view rendering. Explicitly configure spring.jpa.open-in-view to disable this warning
[INFO ] 2023-06-14 00:16:46.585 [main] UserManagerTest - Started UserManagerTest in 13.693 seconds (process running for 18.912)
[INFO ] 2023-06-14 00:16:50.014 [main] UserManager - Begin delete method to soft delete user with ID: 1
[INFO ] 2023-06-14 00:16:50.018 [main] UserManager - User soft deleted successfully
[INFO ] 2023-06-14 00:16:50.320 [main] UserManager - Begign addUser method to add user: testuser
[INFO ] 2023-06-14 00:16:50.322 [main] UserManager - User created successfully: testuser
[INFO ] 2023-06-14 00:16:50.360 [main] UserManager - Begin getUserById Method to get user by ID: 1
[INFO ] 2023-06-14 00:16:50.361 [main] UserManager - User found: testuser
[INFO ] 2023-06-14 00:16:50.397 [main] UserManager - Begin updateUser method to update user: testuser
[INFO ] 2023-06-14 00:16:50.399 [main] UserManager - User updated successfully: testuser
[INFO ] 2023-06-14 00:16:50.434 [main] UserManager - Begign addUser method to add user: testuser
[WARN ] 2023-06-14 00:16:50.436 [main] UserManager - Invalid role: ROLE_INVALID
[INFO ] 2023-06-14 00:16:50.463 [main] UserManager - Begin getUserById Method to get user by ID: 1
[WARN ] 2023-06-14 00:16:50.464 [main] UserManager - User not found with ID: 1
[INFO ] 2023-06-14 00:16:50.493 [main] AnnotationConfigContextLoaderUtils - Could not detect default configuration classes for test class [com.microservice.UserService.UserServiceApplicationTests]: UserServiceApplicationTests does not declare any static, non-private, non-final, nested classes annotated with @Configuration.
[INFO ] 2023-06-14 00:16:50.504 [main] SpringBootTestContextBootstrapper - Found @SpringBootConfiguration com.microservice.UserService.UserServiceApplication for test class com.microservice.UserService.UserServiceApplicationTests
[INFO ] 2023-06-14 00:16:50.596 [SpringApplicationShutdownHook] LocalContainerEntityManagerFactoryBean - Closing JPA EntityManagerFactory for persistence unit 'default'
[INFO ] 2023-06-14 00:16:50.606 [SpringApplicationShutdownHook] HikariDataSource - HikariPool-1 - Shutdown initiated...
[INFO ] 2023-06-14 00:16:50.631 [SpringApplicationShutdownHook] HikariDataSource - HikariPool-1 - Shutdown completed.
